Thu 07 Sep 2023 06:50:52 PM UTC: 
 tests:  0|6
total_score: 0/70
9f29367
Thu 07 Sep 2023 06:56:59 PM UTC: 
 hashmap.c | 3 ++-
 1 file changed, 2 insertions(+), 1 deletion(-)
In file included from test.c:4:
hashmap.c: In function ‘createMap’:
hashmap.c:55:19: error: ‘Key’ undeclared (first use in this function)
   55 |   HashMap* Map = (Key*)malloc(capacity)
      |                   ^~~
hashmap.c:55:19: note: each undeclared identifier is reported only once for each function it appears in
hashmap.c:55:23: error: expected expression before ‘)’ token
   55 |   HashMap* Map = (Key*)malloc(capacity)
      |                       ^
hashmap.c:55:12: error: unused variable ‘Map’ [-Werror=unused-variable]
   55 |   HashMap* Map = (Key*)malloc(capacity)
      |            ^~~
hashmap.c:58:1: error: control reaches end of non-void function [-Werror=return-type]
   58 | }
      | ^
cc1: all warnings being treated as errors
Compilation failed
e69fd30
Thu 07 Sep 2023 06:57:10 PM UTC: 
 hashmap.c | 2 +-
 1 file changed, 1 insertion(+), 1 deletion(-)
In file included from test.c:4:
hashmap.c: In function ‘createMap’:
hashmap.c:57:3: error: expected ‘,’ or ‘;’ before ‘return’
   57 |   return Map;
      |   ^~~~~~
hashmap.c:55:12: error: unused variable ‘Map’ [-Werror=unused-variable]
   55 |   HashMap* Map = malloc(capacity)
      |            ^~~
hashmap.c:58:1: error: control reaches end of non-void function [-Werror=return-type]
   58 | }
      | ^
cc1: all warnings being treated as errors
Compilation failed
984b204
Thu 07 Sep 2023 06:57:16 PM UTC: 
 hashmap.c | 2 +-
 1 file changed, 1 insertion(+), 1 deletion(-)
 tests:  0|0
65f7db5
Thu 07 Sep 2023 06:59:12 PM UTC: 
 hashmap.c | 2 +-
 1 file changed, 1 insertion(+), 1 deletion(-)
 tests:  0|0
8fe48e4
Thu 07 Sep 2023 07:02:01 PM UTC: 
 hashmap.c | 2 +-
 1 file changed, 1 insertion(+), 1 deletion(-)
 tests:  0|0
a611fa0
Thu 07 Sep 2023 07:05:18 PM UTC: 
 hashmap.c | 2 +-
 1 file changed, 1 insertion(+), 1 deletion(-)
In file included from test.c:4:
hashmap.c: In function ‘createMap’:
hashmap.c:55:3: error: unknown type name ‘Map’
   55 |   Map* Map = (Map*)malloc(sizeof(Map)*capacity);
      |   ^~~
hashmap.c:55:19: error: expected expression before ‘)’ token
   55 |   Map* Map = (Map*)malloc(sizeof(Map)*capacity);
      |                   ^
hashmap.c:57:10: error: returning ‘int *’ from a function with incompatible return type ‘HashMap *’ {aka ‘struct HashMap *’} [-Werror=incompatible-pointer-types]
   57 |   return Map;
      |          ^~~
cc1: all warnings being treated as errors
Compilation failed
5e8156e
Thu 07 Sep 2023 07:07:41 PM UTC: 
 hashmap.c | 2 +-
 1 file changed, 1 insertion(+), 1 deletion(-)
 tests:  0|0
dfb10b4
Thu 07 Sep 2023 07:09:18 PM UTC: 
 hashmap.c | 3 ++-
 1 file changed, 2 insertions(+), 1 deletion(-)
 tests:  0|0
689d8fa
Thu 07 Sep 2023 07:10:50 PM UTC: 
 hashmap.c | 2 +-
 1 file changed, 1 insertion(+), 1 deletion(-)
 tests:  0|6
total_score: 0/70
7be0490
Thu 07 Sep 2023 07:12:42 PM UTC: 
 hashmap.c | 3 +++
 1 file changed, 3 insertions(+)
 tests:  0|6
total_score: 0/70
6281135
Thu 07 Sep 2023 07:14:06 PM UTC: 
 hashmap.c | 4 ++--
 1 file changed, 2 insertions(+), 2 deletions(-)
 tests:  1|5
total_score: 10/70
79c196a
Thu 07 Sep 2023 07:35:36 PM UTC: 
 hashmap.c | 21 +++++++++++++++++++++
 1 file changed, 21 insertions(+)
In file included from test.c:4:
hashmap.c: In function ‘insertMap’:
hashmap.c:44:22: error: passing argument 1 of ‘hash’ makes pointer from integer without a cast [-Werror=int-conversion]
   44 |   long indice = hash(*key, map->capacity);
      |                      ^~~~
      |                      |
      |                      char
hashmap.c:26:19: note: expected ‘char *’ but argument is of type ‘char’
   26 | long hash( char * key, long capacity) {
      |            ~~~~~~~^~~
cc1: all warnings being treated as errors
Compilation failed
5353b6a
Thu 07 Sep 2023 07:35:50 PM UTC: 
 hashmap.c | 2 +-
 1 file changed, 1 insertion(+), 1 deletion(-)
 tests:  5|4
total_score: 30/70
3dbdd4d
Thu 07 Sep 2023 07:40:08 PM UTC: 
 hashmap.c | 6 ++++++
 1 file changed, 6 insertions(+)
In file included from test.c:4:
hashmap.c: In function ‘eraseMap’:
hashmap.c:87:30: error: ‘indice’ undeclared (first use in this function)
   87 |    Pair* dato = map->buckets[indice];
      |                              ^~~~~~
hashmap.c:87:30: note: each undeclared identifier is reported only once for each function it appears in
test.c:453:5: error: ‘main’ is normally a non-static function [-Werror=main]
  453 | int main( int argc, char *argv[] ) {
      |     ^~~~
test.c:511:1: error: expected declaration or statement at end of input
  511 | }
      | ^
test.c:511:1: error: expected declaration or statement at end of input
At top level:
test.c:453:5: error: ‘main’ defined but not used [-Werror=unused-function]
  453 | int main( int argc, char *argv[] ) {
      |     ^~~~
test.c:217:5: error: ‘insert_test5’ defined but not used [-Werror=unused-function]
  217 | int insert_test5(){ //factor de carga>0.7, se llama a función enlarge
      |     ^~~~~~~~~~~~
test.c:131:6: error: ‘compare_test’ defined but not used [-Werror=unused-function]
  131 | void compare_test(){
      |      ^~~~~~~~~~~~
test.c:125:6: error: ‘hash_test3’ defined but not used [-Werror=unused-function]
  125 | void hash_test3(){ //no random
      |      ^~~~~~~~~~
test.c:111:6: error: ‘hash_test2’ defined but not used [-Werror=unused-function]
  111 | void hash_test2(){ // colisiones
      |      ^~~~~~~~~~
test.c:100:6: error: ‘hash_test1’ defined but not used [-Werror=unused-function]
  100 | void hash_test1(){ // posición válida
      |      ^~~~~~~~~~
cc1: all warnings being treated as errors
Compilation failed
33e99ca
Thu 07 Sep 2023 07:44:10 PM UTC: 
 hashmap.c | 15 ++++++++++++++-
 1 file changed, 14 insertions(+), 1 deletion(-)
In file included from test.c:4:
hashmap.c: In function ‘eraseMap’:
hashmap.c:92:7: error: ‘pair’ undeclared (first use in this function); did you mean ‘Pair’?
   92 |       pair->key= NULL;
      |       ^~~~
      |       Pair
hashmap.c:92:7: note: each undeclared identifier is reported only once for each function it appears in
hashmap.c: At top level:
hashmap.c:106:1: error: expected identifier or ‘(’ before ‘}’ token
  106 | }
      | ^
Compilation failed
fc8c502
Thu 07 Sep 2023 07:44:22 PM UTC: 
 hashmap.c | 2 +-
 1 file changed, 1 insertion(+), 1 deletion(-)
In file included from test.c:4:
hashmap.c: In function ‘eraseMap’:
hashmap.c:92:11: error: expected identifier or ‘(’ before ‘->’ token
   92 |       Pair->key= NULL;
      |           ^~
hashmap.c: At top level:
hashmap.c:106:1: error: expected identifier or ‘(’ before ‘}’ token
  106 | }
      | ^
Compilation failed
8645c70
Thu 07 Sep 2023 07:47:11 PM UTC: 
 hashmap.c | 4 ++--
 1 file changed, 2 insertions(+), 2 deletions(-)
In file included from test.c:4:
hashmap.c:106:1: error: expected identifier or ‘(’ before ‘}’ token
  106 | }
      | ^
Compilation failed
881bfe4
Thu 07 Sep 2023 07:48:26 PM UTC: 
 hashmap.c | 9 ++++++---
 1 file changed, 6 insertions(+), 3 deletions(-)
In file included from test.c:4:
hashmap.c: In function ‘eraseMap’:
hashmap.c:99:19: error: ‘aux’ undeclared (first use in this function)
   99 |     if (indice == aux)
      |                   ^~~
hashmap.c:99:19: note: each undeclared identifier is reported only once for each function it appears in
Compilation failed
3ce1e52
Thu 07 Sep 2023 07:48:41 PM UTC: 
 hashmap.c | 2 +-
 1 file changed, 1 insertion(+), 1 deletion(-)
 tests:  5|4
total_score: 30/70
0d743ac
Thu 07 Sep 2023 07:49:18 PM UTC: 
 hashmap.c | 2 +-
 1 file changed, 1 insertion(+), 1 deletion(-)
 tests:  8|3
total_score: 40/70
2c395dd
Thu 07 Sep 2023 07:56:51 PM UTC: 
 hashmap.c | 19 ++++++++++++++-----
 1 file changed, 14 insertions(+), 5 deletions(-)
In file included from test.c:4:
hashmap.c: In function ‘searchMap’:
hashmap.c:123:15: error: ‘HashMap’ {aka ‘struct HashMap’} has no member named ‘bucket’; did you mean ‘buckets’?
  123 |   return map->bucket[indice];
      |               ^~~~~~
      |               buckets
test.c:453:5: error: ‘main’ is normally a non-static function [-Werror=main]
  453 | int main( int argc, char *argv[] ) {
      |     ^~~~
test.c:511:1: error: expected declaration or statement at end of input
  511 | }
      | ^
In file included from test.c:4:
hashmap.c:110:8: error: unused variable ‘aux’ [-Werror=unused-variable]
  110 |   long aux = indice;
      |        ^~~
At top level:
test.c:453:5: error: ‘main’ defined but not used [-Werror=unused-function]
  453 | int main( int argc, char *argv[] ) {
      |     ^~~~
test.c:217:5: error: ‘insert_test5’ defined but not used [-Werror=unused-function]
  217 | int insert_test5(){ //factor de carga>0.7, se llama a función enlarge
      |     ^~~~~~~~~~~~
test.c:131:6: error: ‘compare_test’ defined but not used [-Werror=unused-function]
  131 | void compare_test(){
      |      ^~~~~~~~~~~~
test.c:125:6: error: ‘hash_test3’ defined but not used [-Werror=unused-function]
  125 | void hash_test3(){ //no random
      |      ^~~~~~~~~~
test.c:111:6: error: ‘hash_test2’ defined but not used [-Werror=unused-function]
  111 | void hash_test2(){ // colisiones
      |      ^~~~~~~~~~
test.c:100:6: error: ‘hash_test1’ defined but not used [-Werror=unused-function]
  100 | void hash_test1(){ // posición válida
      |      ^~~~~~~~~~
cc1: all warnings being treated as errors
Compilation failed
d4b8d4e
Thu 07 Sep 2023 07:57:19 PM UTC: 
 hashmap.c | 2 +-
 1 file changed, 1 insertion(+), 1 deletion(-)
In file included from test.c:4:
hashmap.c: In function ‘searchMap’:
hashmap.c:123:15: error: ‘HashMap’ {aka ‘struct HashMap’} has no member named ‘bucketS’; did you mean ‘buckets’?
  123 |   return map->bucketS[indice];
      |               ^~~~~~~
      |               buckets
test.c:453:5: error: ‘main’ is normally a non-static function [-Werror=main]
  453 | int main( int argc, char *argv[] ) {
      |     ^~~~
test.c:511:1: error: expected declaration or statement at end of input
  511 | }
      | ^
In file included from test.c:4:
hashmap.c:110:8: error: unused variable ‘aux’ [-Werror=unused-variable]
  110 |   long aux = indice;
      |        ^~~
At top level:
test.c:453:5: error: ‘main’ defined but not used [-Werror=unused-function]
  453 | int main( int argc, char *argv[] ) {
      |     ^~~~
test.c:217:5: error: ‘insert_test5’ defined but not used [-Werror=unused-function]
  217 | int insert_test5(){ //factor de carga>0.7, se llama a función enlarge
      |     ^~~~~~~~~~~~
test.c:131:6: error: ‘compare_test’ defined but not used [-Werror=unused-function]
  131 | void compare_test(){
      |      ^~~~~~~~~~~~
test.c:125:6: error: ‘hash_test3’ defined but not used [-Werror=unused-function]
  125 | void hash_test3(){ //no random
      |      ^~~~~~~~~~
test.c:111:6: error: ‘hash_test2’ defined but not used [-Werror=unused-function]
  111 | void hash_test2(){ // colisiones
      |      ^~~~~~~~~~
test.c:100:6: error: ‘hash_test1’ defined but not used [-Werror=unused-function]
  100 | void hash_test1(){ // posición válida
      |      ^~~~~~~~~~
cc1: all warnings being treated as errors
Compilation failed
ae689bc
Thu 07 Sep 2023 07:57:26 PM UTC: 
 hashmap.c | 2 +-
 1 file changed, 1 insertion(+), 1 deletion(-)
test.c: In function ‘searchMap’:
test.c:453:5: error: ‘main’ is normally a non-static function [-Werror=main]
  453 | int main( int argc, char *argv[] ) {
      |     ^~~~
test.c:511:1: error: expected declaration or statement at end of input
  511 | }
      | ^
In file included from test.c:4:
hashmap.c:110:8: error: unused variable ‘aux’ [-Werror=unused-variable]
  110 |   long aux = indice;
      |        ^~~
At top level:
test.c:453:5: error: ‘main’ defined but not used [-Werror=unused-function]
  453 | int main( int argc, char *argv[] ) {
      |     ^~~~
test.c:217:5: error: ‘insert_test5’ defined but not used [-Werror=unused-function]
  217 | int insert_test5(){ //factor de carga>0.7, se llama a función enlarge
      |     ^~~~~~~~~~~~
test.c:131:6: error: ‘compare_test’ defined but not used [-Werror=unused-function]
  131 | void compare_test(){
      |      ^~~~~~~~~~~~
test.c:125:6: error: ‘hash_test3’ defined but not used [-Werror=unused-function]
  125 | void hash_test3(){ //no random
      |      ^~~~~~~~~~
test.c:111:6: error: ‘hash_test2’ defined but not used [-Werror=unused-function]
  111 | void hash_test2(){ // colisiones
      |      ^~~~~~~~~~
test.c:100:6: error: ‘hash_test1’ defined but not used [-Werror=unused-function]
  100 | void hash_test1(){ // posición válida
      |      ^~~~~~~~~~
cc1: all warnings being treated as errors
Compilation failed
cb8acfe
Thu 07 Sep 2023 07:59:39 PM UTC: 
 hashmap.c | 4 ++--
 1 file changed, 2 insertions(+), 2 deletions(-)
test.c: In function ‘searchMap’:
test.c:453:5: error: ‘main’ is normally a non-static function [-Werror=main]
  453 | int main( int argc, char *argv[] ) {
      |     ^~~~
test.c:511:1: error: expected declaration or statement at end of input
  511 | }
      | ^
In file included from test.c:4:
hashmap.c:110:8: error: unused variable ‘aux’ [-Werror=unused-variable]
  110 |   long aux = indice;
      |        ^~~
At top level:
test.c:453:5: error: ‘main’ defined but not used [-Werror=unused-function]
  453 | int main( int argc, char *argv[] ) {
      |     ^~~~
test.c:217:5: error: ‘insert_test5’ defined but not used [-Werror=unused-function]
  217 | int insert_test5(){ //factor de carga>0.7, se llama a función enlarge
      |     ^~~~~~~~~~~~
test.c:131:6: error: ‘compare_test’ defined but not used [-Werror=unused-function]
  131 | void compare_test(){
      |      ^~~~~~~~~~~~
test.c:125:6: error: ‘hash_test3’ defined but not used [-Werror=unused-function]
  125 | void hash_test3(){ //no random
      |      ^~~~~~~~~~
test.c:111:6: error: ‘hash_test2’ defined but not used [-Werror=unused-function]
  111 | void hash_test2(){ // colisiones
      |      ^~~~~~~~~~
test.c:100:6: error: ‘hash_test1’ defined but not used [-Werror=unused-function]
  100 | void hash_test1(){ // posición válida
      |      ^~~~~~~~~~
cc1: all warnings being treated as errors
Compilation failed
6e73600
Thu 07 Sep 2023 07:59:48 PM UTC: 
 hashmap.c | 1 -
 1 file changed, 1 deletion(-)
test.c: In function ‘searchMap’:
test.c:453:5: error: ‘main’ is normally a non-static function [-Werror=main]
  453 | int main( int argc, char *argv[] ) {
      |     ^~~~
test.c:511:1: error: expected declaration or statement at end of input
  511 | }
      | ^
At top level:
test.c:453:5: error: ‘main’ defined but not used [-Werror=unused-function]
  453 | int main( int argc, char *argv[] ) {
      |     ^~~~
test.c:217:5: error: ‘insert_test5’ defined but not used [-Werror=unused-function]
  217 | int insert_test5(){ //factor de carga>0.7, se llama a función enlarge
      |     ^~~~~~~~~~~~
test.c:131:6: error: ‘compare_test’ defined but not used [-Werror=unused-function]
  131 | void compare_test(){
      |      ^~~~~~~~~~~~
test.c:125:6: error: ‘hash_test3’ defined but not used [-Werror=unused-function]
  125 | void hash_test3(){ //no random
      |      ^~~~~~~~~~
test.c:111:6: error: ‘hash_test2’ defined but not used [-Werror=unused-function]
  111 | void hash_test2(){ // colisiones
      |      ^~~~~~~~~~
test.c:100:6: error: ‘hash_test1’ defined but not used [-Werror=unused-function]
  100 | void hash_test1(){ // posición válida
      |      ^~~~~~~~~~
cc1: all warnings being treated as errors
Compilation failed
a4207be
